<?xml version="1.0" encoding="UTF-8"?>
<!-- Generated by org.testng.reporters.JUnitXMLReporter -->
<testsuite hostname="DESKTOP-UNJ07D7" ignored="1" name="Default test" tests="4" failures="1" timestamp="03 Mar 2018 03:14:35 GMT" time="1.151" errors="0">
  <testcase name="open" time="0.01" classname="com.testngex.TestNgEx"/>
  <testcase name="timerelated" time="1.032" classname="com.testngex.TestNgEx">
    <failure type="org.testng.internal.thread.ThreadTimeoutException" message="Method com.testngex.TestNgEx.timerelated() didn&amp;apos;t finish within the time-out 1000">
      <![CDATA[org.testng.internal.thread.ThreadTimeoutException: Method com.testngex.TestNgEx.timerelated() didn't finish within the time-out 1000]]>
    </failure>
  </testcase> <!-- timerelated -->
  <testcase name="world" time="0.006" classname="com.testngex.TestNgEx"/>
  <testcase name="openbr" time="0.01" classname="com.testngex.TestNgEx"/>
  <testcase name="worldEn" time="0.0" classname="com.testngex.TestNgEx">
    <ignored/>
  </testcase> <!-- worldEn -->
</testsuite> <!-- Default test -->
