<?xml version="1.0" encoding="UTF-8"?>
<!-- Generated by org.testng.reporters.JUnitXMLReporter -->
<testsuite hostname="DESKTOP-UNJ07D7" ignored="4" name="Test suite" tests="1" failures="0" timestamp="03 Mar 2018 03:35:40 GMT" time="0.105" errors="0">
  <testcase name="open" time="0.023" classname="com.testngex.TestNgExGroup"/>
  <testcase name="world" time="0.0" classname="com.testngex.TestNgExGroup">
    <ignored/>
  </testcase> <!-- world -->
  <testcase name="worldEn" time="0.0" classname="com.testngex.TestNgExGroup">
    <ignored/>
  </testcase> <!-- worldEn -->
  <testcase name="timerelated" time="0.0" classname="com.testngex.TestNgExGroup">
    <ignored/>
  </testcase> <!-- timerelated -->
  <testcase name="openbr" time="0.0" classname="com.testngex.TestNgExGroup">
    <ignored/>
  </testcase> <!-- openbr -->
</testsuite> <!-- Test suite -->
