<?xml version="1.0" encoding="UTF-8"?>
<testng-results skipped="0" failed="0" ignored="4" total="5" passed="1">
  <reporter-output>
  </reporter-output>
  <suite name=" Testing Example" duration-ms="105" started-at="2018-03-03T03:35:40Z" finished-at="2018-03-03T03:35:40Z">
    <groups>
      <group name="priority1">
        <method signature="TestNgExGroup.open()[pri:0, instance:com.testngex.TestNgExGroup@68be2bc2]" name="open" class="com.testngex.TestNgExGroup"/>
      </group> <!-- priority1 -->
    </groups>
    <test name="Test suite" duration-ms="105" started-at="2018-03-03T03:35:40Z" finished-at="2018-03-03T03:35:40Z">
      <class name="com.testngex.TestNgExGroup">
        <test-method status="PASS" signature="open()[pri:0, instance:com.testngex.TestNgExGroup@68be2bc2]" name="open" duration-ms="23" started-at="2018-03-03T09:05:40Z" finished-at="2018-03-03T09:05:40Z">
          <reporter-output>
          </reporter-output>
        </test-method> <!-- open -->
      </class> <!-- com.testngex.TestNgExGroup -->
    </test> <!-- Test suite -->
  </suite> <!--  Testing Example -->
</testng-results>
